<?xml version="1.0" encoding="UTF-8"?>
<!-- Generated by org.testng.reporters.JUnitReportReporter -->
<testsuite skipped="0" hostname="HDC2-L-9227QQ2" name="demos0327.Launch902" tests="1" failures="0" timestamp="27 Mar 2019 07:28:02 GMT" time="10.080" errors="0">
  <testcase name="f" time="10.080" classname="demos0327.Launch902"/>
</testsuite> <!-- demos0327.Launch902 -->
