<?xml version="1.0" encoding="UTF-8"?>
<!-- Generated by org.testng.reporters.JUnitReportReporter -->
<testsuite skipped="3" hostname="HDC2-L-9227QQ2" name="demos0327.Launch910" tests="4" failures="0" timestamp="27 Mar 2019 18:15:24 GMT" time="5.669" errors="0">
  <testcase name="table" time="5.669" classname="demos0327.Launch910"/>
  <testcase name="logina" classname="demos0327.Launch910">
    <skipped/>
  </testcase> <!-- logina -->
  <testcase name="loginc" classname="demos0327.Launch910">
    <skipped/>
  </testcase> <!-- loginc -->
  <testcase name="loginb" classname="demos0327.Launch910">
    <skipped/>
  </testcase> <!-- loginb -->
</testsuite> <!-- demos0327.Launch910 -->
