<?xml version="1.0" encoding="UTF-8"?>
<!-- Generated by org.testng.reporters.JUnitReportReporter -->
<testsuite skipped="0" hostname="HDC2-L-9227QQ2" name="MyDemo03.MyDemo03.DemoRightClick" tests="1" failures="0" timestamp="15 Mar 2019 03:53:03 GMT" time="7.553" errors="0">
  <testcase name="f" time="7.553" classname="MyDemo03.MyDemo03.DemoRightClick"/>
</testsuite> <!-- MyDemo03.MyDemo03.DemoRightClick -->
