<?xml version="1.0" encoding="UTF-8"?>
<!-- Generated by org.testng.reporters.JUnitReportReporter -->
<testsuite skipped="0" hostname="HDC2-L-9227QQ2" name="MyDemo03.MyDemo03.RightClickDemo1" tests="1" failures="0" timestamp="15 Mar 2019 04:11:12 GMT" time="7.784" errors="0">
  <testcase name="f" time="7.784" classname="MyDemo03.MyDemo03.RightClickDemo1"/>
</testsuite> <!-- MyDemo03.MyDemo03.RightClickDemo1 -->
