<?xml version="1.0" encoding="UTF-8"?>
<!-- Generated by org.testng.reporters.JUnitReportReporter -->
<testsuite skipped="0" hostname="HDC2-L-9227QQ2" name="MyDemo03.MyDemo03.AnnotationsOrder2" tests="1" failures="0" timestamp="14 Mar 2019 06:25:55 GMT" time="0.002" errors="0">
  <testcase name="closeapplication" time="0.002" classname="MyDemo03.MyDemo03.AnnotationsOrder2"/>
</testsuite> <!-- MyDemo03.MyDemo03.AnnotationsOrder2 -->
