<?xml version="1.0" encoding="UTF-8"?>
<!-- Generated by org.testng.reporters.JUnitReportReporter -->
<testsuite skipped="0" hostname="HDC2-L-9227QQ2" name="demos0327.BooleanChecks" tests="1" failures="0" timestamp="28 Mar 2019 06:30:03 GMT" time="8.893" errors="0">
  <testcase name="f" time="8.893" classname="demos0327.BooleanChecks"/>
</testsuite> <!-- demos0327.BooleanChecks -->
