<?xml version="1.0" encoding="UTF-8"?>
<!-- Generated by org.testng.reporters.JUnitReportReporter -->
<testsuite skipped="0" hostname="HDC2-L-9227QQ2" name="MyDemo03.MyDemo03.LocatorsDemo" tests="1" failures="0" timestamp="14 Mar 2019 04:35:05 GMT" time="8.148" errors="0">
  <testcase name="f" time="8.148" classname="MyDemo03.MyDemo03.LocatorsDemo"/>
</testsuite> <!-- MyDemo03.MyDemo03.LocatorsDemo -->
