<?xml version="1.0" encoding="UTF-8"?>
<!-- Generated by org.testng.reporters.JUnitReportReporter -->
<testsuite skipped="2" hostname="HDC2-L-9227QQ2" name="MyDemo03.MyDemo03.DemoActions1" tests="3" failures="0" timestamp="14 Mar 2019 11:35:26 GMT" time="17.828" errors="0">
  <testcase name="f" time="17.828" classname="MyDemo03.MyDemo03.DemoActions1"/>
  <testcase name="f2" classname="MyDemo03.MyDemo03.DemoActions1">
    <skipped/>
  </testcase> <!-- f2 -->
  <testcase name="f1" classname="MyDemo03.MyDemo03.DemoActions1">
    <skipped/>
  </testcase> <!-- f1 -->
</testsuite> <!-- MyDemo03.MyDemo03.DemoActions1 -->
