<?xml version="1.0" encoding="UTF-8"?>
<!-- Generated by org.testng.reporters.JUnitReportReporter -->
<testsuite skipped="0" hostname="HDC2-L-9227QQ2" name="demos0327.DragAndDropDemo" tests="1" failures="0" timestamp="28 Mar 2019 11:52:17 GMT" time="25.081" errors="0">
  <testcase name="f" time="25.081" classname="demos0327.DragAndDropDemo"/>
</testsuite> <!-- demos0327.DragAndDropDemo -->
