<?xml version="1.0" encoding="UTF-8"?>
<!-- Generated by org.testng.reporters.JUnitReportReporter -->
<testsuite skipped="0" hostname="HDC2-L-9227QQ2" name="MyDemo03.MyDemo03.ScreenshotDemo1" tests="1" failures="0" timestamp="15 Mar 2019 09:08:54 GMT" time="18.459" errors="0">
  <testcase name="f" time="18.459" classname="MyDemo03.MyDemo03.ScreenshotDemo1"/>
</testsuite> <!-- MyDemo03.MyDemo03.ScreenshotDemo1 -->
