<?xml version="1.0" encoding="UTF-8"?>
<!-- Generated by org.testng.reporters.JUnitReportReporter -->
<testsuite skipped="0" hostname="HDC2-L-9227QQ2" name="MyDemo03.MyDemo03.Launch115" tests="3" failures="0" timestamp="13 Mar 2019 09:55:53 GMT" time="0.015" errors="0">
  <testcase name="f" time="0.011" classname="MyDemo03.MyDemo03.Launch115"/>
  <testcase name="f" time="0.002" classname="MyDemo03.MyDemo03.Launch115"/>
  <testcase name="f" time="0.002" classname="MyDemo03.MyDemo03.Launch115"/>
</testsuite> <!-- MyDemo03.MyDemo03.Launch115 -->
