<?xml version="1.0" encoding="UTF-8"?>
<!-- Generated by org.testng.reporters.JUnitReportReporter -->
<testsuite skipped="0" hostname="HDC2-L-9227QQ2" name="testNGDemos.NewTest" tests="10" failures="0" timestamp="29 Mar 2019 01:09:15 GMT" time="0.020" errors="0">
  <testcase name="Beforesuite" time="0.001" classname="testNGDemos.NewTest"/>
  <testcase name="Beforesuite" time="0.001" classname="testNGDemos.NewTest"/>
  <testcase name="Beforesuite" time="0.006" classname="testNGDemos.NewTest"/>
  <testcase name="Beforesuite" time="0.001" classname="testNGDemos.NewTest"/>
  <testcase name="Beforesuite" time="0.001" classname="testNGDemos.NewTest"/>
  <testcase name="Beforesuite" time="0.001" classname="testNGDemos.NewTest"/>
  <testcase name="Beforesuite" time="0.002" classname="testNGDemos.NewTest"/>
  <testcase name="Beforesuite" time="0.003" classname="testNGDemos.NewTest"/>
  <testcase name="Beforesuite" time="0.002" classname="testNGDemos.NewTest"/>
  <testcase name="Beforesuite" time="0.002" classname="testNGDemos.NewTest"/>
</testsuite> <!-- testNGDemos.NewTest -->
