<?xml version="1.0" encoding="UTF-8"?>
<!-- Generated by org.testng.reporters.JUnitReportReporter -->
<testsuite skipped="0" hostname="HDC2-L-9227QQ2" name="MyDemo03.MyDemo03.GroupingDemo" tests="1" failures="0" timestamp="14 Mar 2019 05:58:03 GMT" time="0.010" errors="0">
  <testcase name="b" time="0.010" classname="MyDemo03.MyDemo03.GroupingDemo"/>
</testsuite> <!-- MyDemo03.MyDemo03.GroupingDemo -->
