<?xml version="1.0" encoding="UTF-8"?>
<!-- Generated by org.testng.reporters.JUnitReportReporter -->
<testsuite skipped="0" hostname="HDC2-L-9227QQ2" name="MyDemo03.MyDemo03.DragNdropDemo1" tests="1" failures="0" timestamp="14 Mar 2019 12:03:47 GMT" time="23.325" errors="0">
  <testcase name="f" time="23.325" classname="MyDemo03.MyDemo03.DragNdropDemo1"/>
</testsuite> <!-- MyDemo03.MyDemo03.DragNdropDemo1 -->
