<?xml version="1.0" encoding="UTF-8"?>
<!-- Generated by org.testng.reporters.JUnitReportReporter -->
<testsuite skipped="1" hostname="HDC2-L-9227QQ2" name="demos0327.NewTest" tests="3" failures="0" timestamp="27 Mar 2019 09:10:26 GMT" time="30.623" errors="0">
  <testcase name="LaunchIn_Mozilla" time="17.849" classname="demos0327.NewTest"/>
  <testcase name="LaunchIn_Chrome" time="12.774" classname="demos0327.NewTest"/>
  <testcase name="LaunchIn_IE" classname="demos0327.NewTest">
    <skipped/>
  </testcase> <!-- LaunchIn_IE -->
</testsuite> <!-- demos0327.NewTest -->
