<?xml version="1.0" encoding="UTF-8"?>
<!-- Generated by org.testng.reporters.JUnitReportReporter -->
<testsuite skipped="3" hostname="HDC2-L-9227QQ2" name="MyDemo03.MyDemo03.Launch114" tests="8" failures="0" timestamp="13 Mar 2019 09:39:28 GMT" time="0.014" errors="0">
  <testcase name="Launch" time="0.010" classname="MyDemo03.MyDemo03.Launch114"/>
  <testcase name="register" time="0.002" classname="MyDemo03.MyDemo03.Launch114"/>
  <testcase name="Login" time="0.001" classname="MyDemo03.MyDemo03.Launch114"/>
  <testcase name="Search" time="0.000" classname="MyDemo03.MyDemo03.Launch114"/>
  <testcase name="AddCart" time="0.001" classname="MyDemo03.MyDemo03.Launch114"/>
  <testcase name="abcd" classname="MyDemo03.MyDemo03.Launch114">
    <skipped/>
  </testcase> <!-- abcd -->
  <testcase name="gfd" classname="MyDemo03.MyDemo03.Launch114">
    <skipped/>
  </testcase> <!-- gfd -->
  <testcase name="mno" classname="MyDemo03.MyDemo03.Launch114">
    <skipped/>
  </testcase> <!-- mno -->
</testsuite> <!-- MyDemo03.MyDemo03.Launch114 -->
