<?xml version="1.0" encoding="UTF-8"?>
<!-- Generated by org.testng.reporters.JUnitReportReporter -->
<testsuite skipped="0" hostname="HDC2-L-9227QQ2" name="MyDemo03.MyDemo03.Launch117" tests="1" failures="0" timestamp="13 Mar 2019 11:50:17 GMT" time="11.984" errors="0">
  <testcase name="f" time="11.984" classname="MyDemo03.MyDemo03.Launch117"/>
</testsuite> <!-- MyDemo03.MyDemo03.Launch117 -->
