<?xml version="1.0" encoding="UTF-8"?>
<!-- Generated by org.testng.reporters.JUnitReportReporter -->
<testsuite skipped="0" hostname="HDC2-L-9227QQ2" name="MyDemo03.MyDemo03.Launch112" tests="4" failures="0" timestamp="13 Mar 2019 08:41:00 GMT" time="0.014" errors="0">
  <testcase name="registration" time="0.001" classname="MyDemo03.MyDemo03.Launch112"/>
  <testcase name="login" time="0.000" classname="MyDemo03.MyDemo03.Launch112"/>
  <testcase name="logout" time="0.002" classname="MyDemo03.MyDemo03.Launch112"/>
  <testcase name="launch" time="0.011" classname="MyDemo03.MyDemo03.Launch112"/>
</testsuite> <!-- MyDemo03.MyDemo03.Launch112 -->
