<?xml version="1.0" encoding="UTF-8"?>
<!-- Generated by org.testng.reporters.JUnitReportReporter -->
<testsuite skipped="0" hostname="HDC2-L-9227QQ2" name="MyDemo03.MyDemo03.AnnotationsOrder" tests="2" failures="0" timestamp="14 Mar 2019 06:38:51 GMT" time="0.009" errors="0">
  <testcase name="payment" time="0.007" classname="MyDemo03.MyDemo03.AnnotationsOrder"/>
  <testcase name="paymentcancel" time="0.002" classname="MyDemo03.MyDemo03.AnnotationsOrder"/>
</testsuite> <!-- MyDemo03.MyDemo03.AnnotationsOrder -->
