<?xml version="1.0" encoding="UTF-8"?>
<!-- Generated by org.testng.reporters.JUnitReportReporter -->
<testsuite skipped="0" hostname="HDC2-L-9227QQ2" name="MyDemo03.MyDemo03.DemoXML3" tests="4" failures="0" timestamp="13 Mar 2019 16:05:43 GMT" time="0.004" errors="0">
  <testcase name="lgt_3" time="0.000" classname="MyDemo03.MyDemo03.DemoXML3"/>
  <testcase name="lgt_3" time="0.001" classname="MyDemo03.MyDemo03.DemoXML3"/>
  <testcase name="login_3" time="0.002" classname="MyDemo03.MyDemo03.DemoXML3"/>
  <testcase name="login_3" time="0.001" classname="MyDemo03.MyDemo03.DemoXML3"/>
</testsuite> <!-- MyDemo03.MyDemo03.DemoXML3 -->
