<?xml version="1.0" encoding="UTF-8"?>
<!-- Generated by org.testng.reporters.JUnitReportReporter -->
<testsuite skipped="0" hostname="HDC2-L-9227QQ2" name="demos0327.FramesDemo1" tests="1" failures="0" timestamp="29 Mar 2019 06:21:59 GMT" time="8.068" errors="0">
  <testcase name="f" time="8.068" classname="demos0327.FramesDemo1"/>
</testsuite> <!-- demos0327.FramesDemo1 -->
