<?xml version="1.0" encoding="UTF-8"?>
<!-- Generated by org.testng.reporters.JUnitReportReporter -->
<testsuite skipped="0" hostname="HDC2-L-9227QQ2" name="demos0327.LoginParameters_Demo1" tests="4" failures="0" timestamp="28 Mar 2019 04:55:20 GMT" time="0.013" errors="0">
  <testcase name="f" time="0.001" classname="demos0327.LoginParameters_Demo1"/>
  <testcase name="f" time="0.001" classname="demos0327.LoginParameters_Demo1"/>
  <testcase name="f" time="0.002" classname="demos0327.LoginParameters_Demo1"/>
  <testcase name="f" time="0.009" classname="demos0327.LoginParameters_Demo1"/>
</testsuite> <!-- demos0327.LoginParameters_Demo1 -->
