<?xml version="1.0" encoding="UTF-8"?>
<!-- Generated by org.testng.reporters.JUnitReportReporter -->
<testsuite skipped="0" hostname="HDC2-L-9227QQ2" name="MyDemo03.MyDemo03.MouseActionsDemo1" tests="1" failures="0" timestamp="14 Mar 2019 17:48:23 GMT" time="12.706" errors="0">
  <testcase name="f" time="12.706" classname="MyDemo03.MyDemo03.MouseActionsDemo1"/>
</testsuite> <!-- MyDemo03.MyDemo03.MouseActionsDemo1 -->
