<?xml version="1.0" encoding="UTF-8"?>
<!-- Generated by org.testng.reporters.JUnitReportReporter -->
<testsuite skipped="0" hostname="HDC2-L-9227QQ2" name="demos0327.SelectDemo" tests="1" failures="0" timestamp="28 Mar 2019 07:11:22 GMT" time="7.292" errors="0">
  <testcase name="f" time="7.292" classname="demos0327.SelectDemo"/>
</testsuite> <!-- demos0327.SelectDemo -->
