<?xml version="1.0" encoding="UTF-8"?>
<!-- Generated by org.testng.reporters.JUnitReportReporter -->
<testsuite skipped="0" hostname="HDC2-L-9227QQ2" name="MyDemo03.MyDemo03.FramesDemo03" tests="1" failures="0" timestamp="15 Mar 2019 08:51:47 GMT" time="7.391" errors="0">
  <testcase name="f" time="7.391" classname="MyDemo03.MyDemo03.FramesDemo03"/>
</testsuite> <!-- MyDemo03.MyDemo03.FramesDemo03 -->
