<?xml version="1.0" encoding="UTF-8"?>
<!-- Generated by org.testng.reporters.JUnitReportReporter -->
<testsuite skipped="0" hostname="HDC2-L-9227QQ2" name="testNGDemos2.Order2" tests="3" failures="0" timestamp="29 Mar 2019 07:22:47 GMT" time="0.013" errors="0">
  <testcase name="removecart" time="0.003" classname="testNGDemos2.Order2"/>
  <testcase name="AddtoCart" time="0.006" classname="testNGDemos2.Order2"/>
  <testcase name="register" time="0.004" classname="testNGDemos2.Order2"/>
</testsuite> <!-- testNGDemos2.Order2 -->
