<?xml version="1.0" encoding="UTF-8"?>
<!-- Generated by org.testng.reporters.JUnitReportReporter -->
<testsuite skipped="0" hostname="HDC2-L-9227QQ2" name="demos0327.alertsDemo1" tests="1" failures="0" timestamp="28 Mar 2019 09:05:17 GMT" time="4.870" errors="0">
  <testcase name="f" time="4.870" classname="demos0327.alertsDemo1"/>
</testsuite> <!-- demos0327.alertsDemo1 -->
