<?xml version="1.0" encoding="UTF-8"?>
<!-- Generated by org.testng.reporters.JUnitReportReporter -->
<testsuite skipped="0" hostname="HDC2-L-9227QQ2" name="MyDemo03.MyDemo03.GropuDemo1" tests="2" failures="0" timestamp="14 Mar 2019 12:23:50 GMT" time="0.013" errors="0">
  <testcase name="launchapp" time="0.001" classname="MyDemo03.MyDemo03.GropuDemo1"/>
  <testcase name="AddPayee" time="0.012" classname="MyDemo03.MyDemo03.GropuDemo1"/>
</testsuite> <!-- MyDemo03.MyDemo03.GropuDemo1 -->
