<?xml version="1.0" encoding="UTF-8"?>
<!-- Generated by org.testng.reporters.JUnitReportReporter -->
<testsuite skipped="0" hostname="HDC2-L-9227QQ2" name="MyDemo03.MyDemo03.DemoXML1" tests="4" failures="0" timestamp="13 Mar 2019 16:05:43 GMT" time="0.009" errors="0">
  <testcase name="lgt" time="0.006" classname="MyDemo03.MyDemo03.DemoXML1"/>
  <testcase name="login" time="0.001" classname="MyDemo03.MyDemo03.DemoXML1"/>
  <testcase name="lgt" time="0.001" classname="MyDemo03.MyDemo03.DemoXML1"/>
  <testcase name="login" time="0.001" classname="MyDemo03.MyDemo03.DemoXML1"/>
</testsuite> <!-- MyDemo03.MyDemo03.DemoXML1 -->
