<?xml version="1.0" encoding="UTF-8"?>
<!-- Generated by org.testng.reporters.JUnitReportReporter -->
<testsuite skipped="0" hostname="HDC2-L-9227QQ2" name="demos0327.WindowsDemo1" tests="1" failures="0" timestamp="29 Mar 2019 04:43:54 GMT" time="15.100" errors="0">
  <testcase name="f" time="15.100" classname="demos0327.WindowsDemo1"/>
</testsuite> <!-- demos0327.WindowsDemo1 -->
