<?xml version="1.0" encoding="UTF-8"?>
<!-- Generated by org.testng.reporters.JUnitReportReporter -->
<testsuite skipped="0" hostname="HDC2-L-9227QQ2" name="MyDemo03.MyDemo03.Launch113" tests="1" failures="0" timestamp="14 Mar 2019 06:38:39 GMT" time="59.485" errors="0">
  <testcase name="login" time="59.485" classname="MyDemo03.MyDemo03.Launch113"/>
</testsuite> <!-- MyDemo03.MyDemo03.Launch113 -->
