<?xml version="1.0" encoding="UTF-8"?>
<!-- Generated by org.testng.reporters.JUnitReportReporter -->
<testsuite skipped="0" hostname="HDC2-L-9227QQ2" name="demos0327.RightclickDemo" tests="1" failures="0" timestamp="28 Mar 2019 10:53:35 GMT" time="12.600" errors="0">
  <testcase name="f" time="12.600" classname="demos0327.RightclickDemo"/>
</testsuite> <!-- demos0327.RightclickDemo -->
