<?xml version="1.0" encoding="UTF-8"?>
<!-- Generated by org.testng.reporters.JUnitReportReporter -->
<testsuite skipped="0" hostname="HDC2-L-9227QQ2" name="testNGDemos2.Order1" tests="1" failures="0" timestamp="29 Mar 2019 09:37:33 GMT" time="0.021" errors="0">
  <testcase name="remove" time="0.021" classname="testNGDemos2.Order1"/>
</testsuite> <!-- testNGDemos2.Order1 -->
