<?xml version="1.0" encoding="UTF-8"?>
<!-- Generated by org.testng.reporters.JUnitReportReporter -->
<testsuite skipped="0" hostname="HDC2-L-9227QQ2" name="demos0327.DoubleCLick" tests="1" failures="0" timestamp="28 Mar 2019 10:10:29 GMT" time="5.642" errors="0">
  <testcase name="f" time="5.642" classname="demos0327.DoubleCLick"/>
</testsuite> <!-- demos0327.DoubleCLick -->
