<?xml version="1.0" encoding="UTF-8"?>
<!-- Generated by org.testng.reporters.JUnitReportReporter -->
<testsuite skipped="0" hostname="HDC2-L-9227QQ2" name="MyDemo03.MyDemo03.Login" tests="2" failures="0" timestamp="14 Mar 2019 07:01:21 GMT" time="27.234" errors="0">
  <testcase name="register" time="13.803" classname="MyDemo03.MyDemo03.Login"/>
  <testcase name="login9415" time="13.431" classname="MyDemo03.MyDemo03.Login"/>
</testsuite> <!-- MyDemo03.MyDemo03.Login -->
