<?xml version="1.0" encoding="UTF-8"?>
<!-- Generated by org.testng.reporters.JUnitReportReporter -->
<testsuite skipped="0" hostname="HDC2-L-9227QQ2" name="JanDemo1.JanDemo1.NewTest1" tests="1" failures="0" timestamp="24 Jan 2019 07:04:45 GMT" time="8.836" errors="0">
  <testcase name="f" time="8.836" classname="JanDemo1.JanDemo1.NewTest1"/>
</testsuite> <!-- JanDemo1.JanDemo1.NewTest1 -->
