<?xml version="1.0" encoding="UTF-8"?>
<!-- Generated by org.testng.reporters.JUnitReportReporter -->
<testsuite skipped="0" hostname="HDC2-L-9227QQ2" name="BOA21.BOA21.BoA88" tests="2" failures="0" timestamp="02 Nov 2018 06:30:23 GMT" time="0.013" errors="0">
  <testcase name="un" time="0.007" classname="BOA21.BOA21.BoA88"/>
  <testcase name="um" time="0.006" classname="BOA21.BOA21.BoA88"/>
</testsuite> <!-- BOA21.BOA21.BoA88 -->
