<?xml version="1.0" encoding="UTF-8"?>
<!-- Generated by org.testng.reporters.JUnitReportReporter -->
<testsuite skipped="1" hostname="HDC2-L-9227QQ2" name="BOA21.BOA21.DpTest01" tests="1" failures="0" timestamp="09 Jan 2019 11:30:28 GMT" time="0.000" errors="0">
  <testcase name="f" time="0.000" classname="BOA21.BOA21.DpTest01">
    <skipped/>
  </testcase> <!-- f -->
</testsuite> <!-- BOA21.BOA21.DpTest01 -->
