<?xml version="1.0" encoding="UTF-8"?>
<!-- Generated by org.testng.reporters.JUnitReportReporter -->
<testsuite skipped="0" hostname="HDC2-L-9227QQ2" name="BOA21.BOA21.NewTest" tests="1" failures="0" timestamp="02 Nov 2018 06:40:19 GMT" time="0.006" errors="0">
  <testcase name="f" time="0.006" classname="BOA21.BOA21.NewTest"/>
</testsuite> <!-- BOA21.BOA21.NewTest -->
