<?xml version="1.0" encoding="UTF-8"?>
<!-- Generated by org.testng.reporters.JUnitReportReporter -->
<testsuite skipped="0" hostname="HDC2-L-9227QQ2" name="BOA21.BOA21.Launching99" tests="1" failures="0" timestamp="02 Nov 2018 07:34:43 GMT" time="31.412" errors="0">
  <testcase name="f" time="31.412" classname="BOA21.BOA21.Launching99"/>
</testsuite> <!-- BOA21.BOA21.Launching99 -->
