<?xml version="1.0" encoding="UTF-8"?>
<!-- Generated by org.testng.reporters.JUnitReportReporter -->
<testsuite skipped="0" hostname="HDC2-L-9227QQ2" name="BOA21.BOA21.NewTest401" tests="2" failures="0" timestamp="02 Nov 2018 05:15:57 GMT" time="0.009" errors="0">
  <testcase name="login" time="0.008" classname="BOA21.BOA21.NewTest401"/>
  <testcase name="login" time="0.001" classname="BOA21.BOA21.NewTest401"/>
</testsuite> <!-- BOA21.BOA21.NewTest401 -->
