<?xml version="1.0" encoding="UTF-8"?>
<!-- Generated by org.testng.reporters.JUnitReportReporter -->
<testsuite hostname="HDC2-L-9227QQ2" failures="0" tests="1" name="NewTest23" time="0.004" errors="0" timestamp="04 Sep 2018 11:54:00 GMT" skipped="0">
  <testcase classname="NewTest23" name="f" time="0.004"/>
</testsuite> <!-- NewTest23 -->
