<?xml version="1.0" encoding="UTF-8"?>
<!-- Generated by org.testng.reporters.JUnitReportReporter -->
<testsuite hostname="HDC2-L-9227QQ2" failures="0" tests="3" name="DataproviderEx" time="0.021" errors="0" timestamp="05 Sep 2018 04:16:01 GMT" skipped="0">
  <testcase classname="DataproviderEx" name="logintestcase" time="0.002"/>
  <testcase classname="DataproviderEx" name="logintestcase" time="0.018"/>
  <testcase classname="DataproviderEx" name="logintestcase" time="0.001"/>
</testsuite> <!-- DataproviderEx -->
