<?xml version="1.0" encoding="UTF-8"?>
<!-- Generated by org.testng.reporters.JUnitReportReporter -->
<testsuite hostname="HDC2-L-9227QQ2" failures="0" tests="1" name="NewTest2" time="0.003" errors="0" timestamp="04 Sep 2018 11:54:00 GMT" skipped="0">
  <testcase classname="NewTest2" name="f1" time="0.003"/>
</testsuite> <!-- NewTest2 -->
