<?xml version="1.0" encoding="UTF-8"?>
<!-- Generated by org.testng.reporters.JUnitReportReporter -->
<testsuite hostname="HDC2-L-9227QQ2" failures="0" tests="1" name="mavenex1.mavenex9.Launch9" time="20.628" errors="0" timestamp="05 Sep 2018 06:04:17 GMT" skipped="0">
  <testcase classname="mavenex1.mavenex9.Launch9" name="f" time="20.628"/>
</testsuite> <!-- mavenex1.mavenex9.Launch9 -->
