<?xml version="1.0" encoding="UTF-8"?>
<!-- Generated by org.testng.reporters.JUnitReportReporter -->
<testsuite hostname="HDC2-L-9227QQ2" failures="0" tests="1" name="mavenex1.mavenex9.FbLogin" time="15.471" errors="0" timestamp="05 Sep 2018 10:41:14 GMT" skipped="0">
  <testcase classname="mavenex1.mavenex9.FbLogin" name="f" time="15.471"/>
</testsuite> <!-- mavenex1.mavenex9.FbLogin -->
