<?xml version="1.0" encoding="UTF-8"?>
<!-- Generated by org.testng.reporters.JUnitReportReporter -->
<testsuite skipped="0" hostname="HDC2-L-9227QQ2" name="BRW88.fdsfdsf.Training2" tests="3" failures="0" timestamp="24 Jan 2019 10:06:31 GMT" time="36.108" errors="0">
  <testcase name="login" time="12.272" classname="BRW88.fdsfdsf.Training2"/>
  <testcase name="login" time="11.726" classname="BRW88.fdsfdsf.Training2"/>
  <testcase name="login" time="12.110" classname="BRW88.fdsfdsf.Training2"/>
</testsuite> <!-- BRW88.fdsfdsf.Training2 -->
