<?xml version="1.0" encoding="UTF-8"?>
<!-- Generated by org.testng.reporters.JUnitReportReporter -->
<testsuite skipped="0" hostname="HDC2-L-9227QQ2" name="BRW88.fdsfdsf.Demo601Ke" tests="1" failures="0" timestamp="27 Feb 2019 08:57:49 GMT" time="21.461" errors="0">
  <testcase name="f" time="21.461" classname="BRW88.fdsfdsf.Demo601Ke"/>
</testsuite> <!-- BRW88.fdsfdsf.Demo601Ke -->
