<?xml version="1.0" encoding="UTF-8"?>
<!-- Generated by org.testng.reporters.JUnitReportReporter -->
<testsuite skipped="0" hostname="HDC2-L-9227QQ2" name="BRW88.fdsfdsf.Demo909" tests="1" failures="0" timestamp="25 Feb 2019 12:41:19 GMT" time="0.008" errors="0">
  <testcase name="f" time="0.008" classname="BRW88.fdsfdsf.Demo909"/>
</testsuite> <!-- BRW88.fdsfdsf.Demo909 -->
