<?xml version="1.0" encoding="UTF-8"?>
<!-- Generated by org.testng.reporters.JUnitReportReporter -->
<testsuite skipped="0" hostname="HDC2-L-9227QQ2" name="demo0408.WindowsDemo1" tests="1" failures="0" timestamp="10 Apr 2019 05:50:35 GMT" time="8.954" errors="0">
  <testcase name="f" time="8.954" classname="demo0408.WindowsDemo1"/>
</testsuite> <!-- demo0408.WindowsDemo1 -->
