<?xml version="1.0" encoding="UTF-8"?>
<!-- Generated by org.testng.reporters.JUnitReportReporter -->
<testsuite skipped="0" hostname="HDC2-L-9227QQ2" name="demo0408.FramesDemo9" tests="1" failures="0" timestamp="10 Apr 2019 06:57:46 GMT" time="15.209" errors="0">
  <testcase name="f" time="15.209" classname="demo0408.FramesDemo9"/>
</testsuite> <!-- demo0408.FramesDemo9 -->
