<?xml version="1.0" encoding="UTF-8"?>
<!-- Generated by org.testng.reporters.JUnitReportReporter -->
<testsuite skipped="0" hostname="HDC2-L-9227QQ2" name="ddc5_july.dp3" tests="2" failures="0" timestamp="01 Aug 2019 09:24:03 GMT" time="0.031" errors="0">
  <testcase name="login" time="0.016" classname="ddc5_july.dp3"/>
  <testcase name="logout" time="0.015" classname="ddc5_july.dp3"/>
</testsuite> <!-- ddc5_july.dp3 -->
