<?xml version="1.0" encoding="UTF-8"?>
<!-- Generated by org.testng.reporters.JUnitReportReporter -->
<testsuite skipped="0" hostname="HDC2-L-9227QQ2" name="ddc5_july.NumberOfLinks" tests="1" failures="0" timestamp="02 Aug 2019 04:08:37 GMT" time="8.476" errors="0">
  <testcase name="f" time="8.476" classname="ddc5_july.NumberOfLinks"/>
</testsuite> <!-- ddc5_july.NumberOfLinks -->
