<?xml version="1.0" encoding="UTF-8"?>
<!-- Generated by org.testng.reporters.JUnitReportReporter -->
<testsuite skipped="0" hostname="HDC2-L-9227QQ2" name="ddc5_july.BMDemo" tests="2" failures="0" timestamp="01 Aug 2019 06:50:16 GMT" time="0.015" errors="0">
  <testcase name="RewardCheck" time="0.015" classname="ddc5_july.BMDemo"/>
  <testcase name="profileUpdate" time="0.000" classname="ddc5_july.BMDemo"/>
</testsuite> <!-- ddc5_july.BMDemo -->
