<?xml version="1.0" encoding="UTF-8"?>
<!-- Generated by org.testng.reporters.JUnitReportReporter -->
<testsuite skipped="0" hostname="HDC2-L-9227QQ2" name="mydemomdc7.NewTest98" tests="2" failures="0" timestamp="14 May 2019 09:44:20 GMT" time="0.007" errors="0">
  <testcase name="function1" time="0.006" classname="mydemomdc7.NewTest98"/>
  <testcase name="function2" time="0.001" classname="mydemomdc7.NewTest98"/>
</testsuite> <!-- mydemomdc7.NewTest98 -->
