<?xml version="1.0" encoding="UTF-8"?>
<!-- Generated by org.testng.reporters.JUnitReportReporter -->
<testsuite skipped="0" hostname="HDC2-L-9227QQ2" name="mydemomdc7.NewTest99" tests="1" failures="0" timestamp="14 May 2019 09:36:21 GMT" time="0.002" errors="0">
  <testcase name="f" time="0.002" classname="mydemomdc7.NewTest99"/>
</testsuite> <!-- mydemomdc7.NewTest99 -->
