<?xml version="1.0" encoding="UTF-8"?>
<!-- Generated by org.testng.reporters.JUnitReportReporter -->
<testsuite skipped="0" hostname="HDC2-L-9227QQ2" name="BRW88.fdsfdsf.TestNG1" tests="3" failures="0" timestamp="30 Jan 2019 05:43:23 GMT" time="0.004" errors="0">
  <testcase name="forgotpswrd" time="0.002" classname="BRW88.fdsfdsf.TestNG1"/>
  <testcase name="login" time="0.002" classname="BRW88.fdsfdsf.TestNG1"/>
  <testcase name="register" time="0.000" classname="BRW88.fdsfdsf.TestNG1"/>
</testsuite> <!-- BRW88.fdsfdsf.TestNG1 -->
