<?xml version="1.0" encoding="UTF-8"?>
<!-- Generated by org.testng.reporters.JUnitReportReporter -->
<testsuite skipped="0" hostname="HDC2-L-9227QQ2" name="mydemomdc7.Demo_502" tests="5" failures="0" timestamp="14 May 2019 05:54:02 GMT" time="0.027" errors="0">
  <testcase name="lgout" time="0.020" classname="mydemomdc7.Demo_502"/>
  <testcase name="register" time="0.002" classname="mydemomdc7.Demo_502"/>
  <testcase name="lgin" time="0.002" classname="mydemomdc7.Demo_502"/>
  <testcase name="addcasrt" time="0.001" classname="mydemomdc7.Demo_502"/>
  <testcase name="removercart" time="0.002" classname="mydemomdc7.Demo_502"/>
</testsuite> <!-- mydemomdc7.Demo_502 -->
