<?xml version="1.0" encoding="UTF-8"?>
<!-- Generated by org.testng.reporters.JUnitReportReporter -->
<testsuite skipped="2" hostname="HDC2-L-9227QQ2" name="ddc5_july.ActionsDemo1" tests="3" failures="0" timestamp="02 Aug 2019 11:30:02 GMT" time="14.689" errors="0">
  <testcase name="KeyBoardACT" time="14.689" classname="ddc5_july.ActionsDemo1"/>
  <testcase name="Hover" classname="ddc5_july.ActionsDemo1">
    <skipped/>
  </testcase> <!-- Hover -->
  <testcase name="DragnDrop" classname="ddc5_july.ActionsDemo1">
    <skipped/>
  </testcase> <!-- DragnDrop -->
</testsuite> <!-- ddc5_july.ActionsDemo1 -->
