<?xml version="1.0" encoding="UTF-8"?>
<!-- Generated by org.testng.reporters.JUnitReportReporter -->
<testsuite skipped="0" hostname="HDC2-L-9227QQ2" name="demo0408.DPDemo2" tests="2" failures="0" timestamp="08 Apr 2019 11:38:21 GMT" time="13.621" errors="0">
  <testcase name="f" time="5.684" classname="demo0408.DPDemo2"/>
  <testcase name="f" time="7.937" classname="demo0408.DPDemo2"/>
</testsuite> <!-- demo0408.DPDemo2 -->
