<?xml version="1.0" encoding="UTF-8"?>
<!-- Generated by org.testng.reporters.JUnitReportReporter -->
<testsuite skipped="2" hostname="HDC2-L-9227QQ2" name="BRW88.fdsfdsf.Training1" tests="9" failures="0" timestamp="24 Jan 2019 09:27:38 GMT" time="0.018" errors="0">
  <testcase name="search" time="0.001" classname="BRW88.fdsfdsf.Training1"/>
  <testcase name="payment" time="0.001" classname="BRW88.fdsfdsf.Training1"/>
  <testcase name="removercart" time="0.002" classname="BRW88.fdsfdsf.Training1"/>
  <testcase name="forgtpswrd" time="0.002" classname="BRW88.fdsfdsf.Training1"/>
  <testcase name="addcart" time="0.011" classname="BRW88.fdsfdsf.Training1"/>
  <testcase name="register" time="0.001" classname="BRW88.fdsfdsf.Training1"/>
  <testcase name="login" time="0.000" classname="BRW88.fdsfdsf.Training1"/>
  <testcase name="launch" classname="BRW88.fdsfdsf.Training1">
    <skipped/>
  </testcase> <!-- launch -->
  <testcase name="logout" classname="BRW88.fdsfdsf.Training1">
    <skipped/>
  </testcase> <!-- logout -->
</testsuite> <!-- BRW88.fdsfdsf.Training1 -->
