<?xml version="1.0" encoding="UTF-8"?>
<!-- Generated by org.testng.reporters.JUnitReportReporter -->
<testsuite skipped="0" hostname="HDC2-L-9227QQ2" name="testcases.Demodsfds" tests="1" failures="0" timestamp="17 Jul 2019 11:59:39 GMT" time="0.013" errors="0">
  <testcase name="f" time="0.013" classname="testcases.Demodsfds"/>
</testsuite> <!-- testcases.Demodsfds -->
