<?xml version="1.0" encoding="UTF-8"?>
<!-- Generated by org.testng.reporters.JUnitReportReporter -->
<testsuite skipped="1" hostname="HDC2-L-9227QQ2" name="mydemomdc7.Act_Demo2" tests="2" failures="0" timestamp="11 Jun 2019 11:55:39 GMT" time="17.422" errors="0">
  <testcase name="KeY_Board" time="17.422" classname="mydemomdc7.Act_Demo2"/>
  <testcase name="MouseHover" classname="mydemomdc7.Act_Demo2">
    <skipped/>
  </testcase> <!-- MouseHover -->
</testsuite> <!-- mydemomdc7.Act_Demo2 -->
