<?xml version="1.0" encoding="UTF-8"?>
<!-- Generated by org.testng.reporters.JUnitReportReporter -->
<testsuite skipped="0" hostname="HDC2-L-9227QQ2" name="BRW88.fdsfdsf.Demo801" tests="2" failures="0" timestamp="26 Feb 2019 05:38:22 GMT" time="333.394" errors="0">
  <testcase name="f" time="145.695" classname="BRW88.fdsfdsf.Demo801"/>
  <testcase name="f" time="187.699" classname="BRW88.fdsfdsf.Demo801"/>
</testsuite> <!-- BRW88.fdsfdsf.Demo801 -->
