<?xml version="1.0" encoding="UTF-8"?>
<!-- Generated by org.testng.reporters.JUnitReportReporter -->
<testsuite skipped="0" hostname="HDC2-L-9227QQ2" name="BRW88.fdsfdsf.Training5" tests="1" failures="0" timestamp="24 Jan 2019 18:27:20 GMT" time="0.004" errors="0">
  <testcase name="Login" time="0.004" classname="BRW88.fdsfdsf.Training5"/>
</testsuite> <!-- BRW88.fdsfdsf.Training5 -->
