<?xml version="1.0" encoding="UTF-8"?>
<!-- Generated by org.testng.reporters.JUnitReportReporter -->
<testsuite skipped="1" hostname="HDC2-L-9227QQ2" name="ddc5_july.DemotestNg_01" tests="3" failures="0" timestamp="01 Aug 2019 05:37:15 GMT" time="0.016" errors="0">
  <testcase name="login" time="0.016" classname="ddc5_july.DemotestNg_01"/>
  <testcase name="logout" time="0.000" classname="ddc5_july.DemotestNg_01"/>
  <testcase name="register" classname="ddc5_july.DemotestNg_01">
    <skipped/>
  </testcase> <!-- register -->
</testsuite> <!-- ddc5_july.DemotestNg_01 -->
