<?xml version="1.0" encoding="UTF-8"?>
<!-- Generated by org.testng.reporters.JUnitReportReporter -->
<testsuite skipped="0" hostname="HDC2-L-9227QQ2" name="pages.Demo1" tests="1" failures="0" timestamp="15 Apr 2019 04:45:35 GMT" time="73.647" errors="0">
  <testcase name="Test" time="73.647" classname="pages.Demo1"/>
</testsuite> <!-- pages.Demo1 -->
