<?xml version="1.0" encoding="UTF-8"?>
<!-- Generated by org.testng.reporters.JUnitReportReporter -->
<testsuite skipped="1" hostname="HDC2-L-9227QQ2" name="demo0408.MyDemo2" tests="3" failures="0" timestamp="08 Apr 2019 07:16:52 GMT" time="0.012" errors="0">
  <testcase name="login" time="0.011" classname="demo0408.MyDemo2"/>
  <testcase name="logout" time="0.001" classname="demo0408.MyDemo2"/>
  <testcase name="register" classname="demo0408.MyDemo2">
    <skipped/>
  </testcase> <!-- register -->
</testsuite> <!-- demo0408.MyDemo2 -->
