<?xml version="1.0" encoding="UTF-8"?>
<!-- Generated by org.testng.reporters.JUnitReportReporter -->
<testsuite skipped="0" hostname="HDC2-L-9227QQ2" name="ddc5_july.DpDemo_01" tests="2" failures="0" timestamp="01 Aug 2019 05:59:11 GMT" time="0.016" errors="0">
  <testcase name="f" time="0.000" classname="ddc5_july.DpDemo_01"/>
  <testcase name="f" time="0.016" classname="ddc5_july.DpDemo_01"/>
</testsuite> <!-- ddc5_july.DpDemo_01 -->
