<?xml version="1.0" encoding="UTF-8"?>
<!-- Generated by org.testng.reporters.JUnitReportReporter -->
<testsuite skipped="0" hostname="HDC2-L-9227QQ2" name="demo0408.KeyBoadActionsDemo" tests="1" failures="0" timestamp="09 Apr 2019 12:10:55 GMT" time="18.164" errors="0">
  <testcase name="f" time="18.164" classname="demo0408.KeyBoadActionsDemo"/>
</testsuite> <!-- demo0408.KeyBoadActionsDemo -->
