<?xml version="1.0" encoding="UTF-8"?>
<!-- Generated by org.testng.reporters.JUnitReportReporter -->
<testsuite skipped="2" hostname="HDC2-L-9227QQ2" name="BRW88.fdsfdsf.Demo499" tests="3" failures="0" timestamp="27 Feb 2019 07:23:19 GMT" time="10.329" errors="0">
  <testcase name="keybrd" time="10.329" classname="BRW88.fdsfdsf.Demo499"/>
  <testcase name="demoFrame" classname="BRW88.fdsfdsf.Demo499">
    <skipped/>
  </testcase> <!-- demoFrame -->
  <testcase name="f" classname="BRW88.fdsfdsf.Demo499">
    <skipped/>
  </testcase> <!-- f -->
</testsuite> <!-- BRW88.fdsfdsf.Demo499 -->
