<?xml version="1.0" encoding="UTF-8"?>
<!-- Generated by org.testng.reporters.JUnitReportReporter -->
<testsuite skipped="0" hostname="HDC2-L-9227QQ2" name="tesngDemosOrder.mytest2" tests="2" failures="0" timestamp="01 Aug 2019 12:16:46 GMT" time="0.018" errors="0">
  <testcase name="m5" time="0.001" classname="tesngDemosOrder.mytest2"/>
  <testcase name="m4" time="0.017" classname="tesngDemosOrder.mytest2"/>
</testsuite> <!-- tesngDemosOrder.mytest2 -->
