<?xml version="1.0" encoding="UTF-8"?>
<!-- Generated by org.testng.reporters.JUnitReportReporter -->
<testsuite skipped="0" hostname="HDC2-L-9227QQ2" name="demo0408.TestNGGroupingDemo" tests="7" failures="0" timestamp="10 Apr 2019 09:11:16 GMT" time="0.021" errors="0">
  <testcase name="login" time="0.002" classname="demo0408.TestNGGroupingDemo"/>
  <testcase name="logout" time="0.001" classname="demo0408.TestNGGroupingDemo"/>
  <testcase name="trackyourorder" time="0.001" classname="demo0408.TestNGGroupingDemo"/>
  <testcase name="register" time="0.001" classname="demo0408.TestNGGroupingDemo"/>
  <testcase name="addtocart" time="0.012" classname="demo0408.TestNGGroupingDemo"/>
  <testcase name="payment" time="0.003" classname="demo0408.TestNGGroupingDemo"/>
  <testcase name="removeacrt" time="0.001" classname="demo0408.TestNGGroupingDemo"/>
</testsuite> <!-- demo0408.TestNGGroupingDemo -->
