<?xml version="1.0" encoding="UTF-8"?>
<!-- Generated by org.testng.reporters.JUnitReportReporter -->
<testsuite skipped="2" hostname="HDC2-L-9227QQ2" name="mydemomdc7.NewTest" tests="12" failures="0" timestamp="14 May 2019 10:00:54 GMT" time="0.029" errors="0">
  <testcase name="removercart" time="0.001" classname="mydemomdc7.NewTest"/>
  <testcase name="removercart" time="0.001" classname="mydemomdc7.NewTest"/>
  <testcase name="removercart" time="0.001" classname="mydemomdc7.NewTest"/>
  <testcase name="removercart" time="0.001" classname="mydemomdc7.NewTest"/>
  <testcase name="removercart" time="0.011" classname="mydemomdc7.NewTest"/>
  <testcase name="removercart" time="0.002" classname="mydemomdc7.NewTest"/>
  <testcase name="removercart" time="0.006" classname="mydemomdc7.NewTest"/>
  <testcase name="removercart" time="0.003" classname="mydemomdc7.NewTest"/>
  <testcase name="removercart" time="0.001" classname="mydemomdc7.NewTest"/>
  <testcase name="removercart" time="0.002" classname="mydemomdc7.NewTest"/>
  <testcase name="updateprfl" classname="mydemomdc7.NewTest">
    <skipped/>
  </testcase> <!-- updateprfl -->
  <testcase name="addcart" classname="mydemomdc7.NewTest">
    <skipped/>
  </testcase> <!-- addcart -->
</testsuite> <!-- mydemomdc7.NewTest -->
