<?xml version="1.0" encoding="UTF-8"?>
<!-- Generated by org.testng.reporters.JUnitReportReporter -->
<testsuite skipped="2" hostname="HDC2-L-9227QQ2" name="demo0408.launch701" tests="3" failures="0" timestamp="12 Apr 2019 04:31:28 GMT" time="18.340" errors="0">
  <testcase name="chrome" time="18.340" classname="demo0408.launch701"/>
  <testcase name="firefox" classname="demo0408.launch701">
    <skipped/>
  </testcase> <!-- firefox -->
  <testcase name="ie" classname="demo0408.launch701">
    <skipped/>
  </testcase> <!-- ie -->
</testsuite> <!-- demo0408.launch701 -->
