<?xml version="1.0" encoding="UTF-8"?>
<!-- Generated by org.testng.reporters.JUnitReportReporter -->
<testsuite skipped="0" hostname="HDC2-L-9227QQ2" name="testcases.Demo12333" tests="3" failures="0" timestamp="17 Jul 2019 11:47:36 GMT" time="0.007" errors="0">
  <testcase name="f" time="0.003" classname="testcases.Demo12333"/>
  <testcase name="h" time="0.003" classname="testcases.Demo12333"/>
  <testcase name="g" time="0.001" classname="testcases.Demo12333"/>
</testsuite> <!-- testcases.Demo12333 -->
