<?xml version="1.0" encoding="UTF-8"?>
<!-- Generated by org.testng.reporters.JUnitReportReporter -->
<testsuite skipped="0" hostname="HDC2-L-9227QQ2" name="mydemomdc7.parametersdemo" tests="3" failures="0" timestamp="14 May 2019 07:24:19 GMT" time="0.011" errors="0">
  <testcase name="login" time="0.000" classname="mydemomdc7.parametersdemo"/>
  <testcase name="login" time="0.002" classname="mydemomdc7.parametersdemo"/>
  <testcase name="login" time="0.009" classname="mydemomdc7.parametersdemo"/>
</testsuite> <!-- mydemomdc7.parametersdemo -->
