<?xml version="1.0" encoding="UTF-8"?>
<!-- Generated by org.testng.reporters.JUnitReportReporter -->
<testsuite skipped="0" hostname="HDC2-L-9227QQ2" name="demo0408.GroupingDemo9" tests="7" failures="0" timestamp="10 Apr 2019 09:34:49 GMT" time="0.019" errors="0">
  <testcase name="logout" time="0.002" classname="demo0408.GroupingDemo9"/>
  <testcase name="payment" time="0.002" classname="demo0408.GroupingDemo9"/>
  <testcase name="addtocart" time="0.011" classname="demo0408.GroupingDemo9"/>
  <testcase name="login" time="0.002" classname="demo0408.GroupingDemo9"/>
  <testcase name="trackyourorder" time="0.000" classname="demo0408.GroupingDemo9"/>
  <testcase name="register" time="0.001" classname="demo0408.GroupingDemo9"/>
  <testcase name="removeacrt" time="0.001" classname="demo0408.GroupingDemo9"/>
</testsuite> <!-- demo0408.GroupingDemo9 -->
