<?xml version="1.0" encoding="UTF-8"?>
<!-- Generated by org.testng.reporters.JUnitReportReporter -->
<testsuite skipped="0" hostname="HDC2-L-9227QQ2" name="BRW88.fdsfdsf.Training4" tests="2" failures="0" timestamp="24 Jan 2019 10:34:11 GMT" time="0.007" errors="0">
  <testcase name="Cancelling" time="0.005" classname="BRW88.fdsfdsf.Training4"/>
  <testcase name="Ordering" time="0.002" classname="BRW88.fdsfdsf.Training4"/>
</testsuite> <!-- BRW88.fdsfdsf.Training4 -->
