<?xml version="1.0" encoding="UTF-8"?>
<!-- Generated by org.testng.reporters.JUnitReportReporter -->
<testsuite skipped="0" hostname="HDC2-L-9227QQ2" name="tesngDemosOrder.NewTest" tests="1" failures="0" timestamp="01 Aug 2019 12:27:17 GMT" time="0.010" errors="0">
  <testcase name="f" time="0.010" classname="tesngDemosOrder.NewTest"/>
</testsuite> <!-- tesngDemosOrder.NewTest -->
