<?xml version="1.0" encoding="UTF-8"?>
<!-- Generated by org.testng.reporters.JUnitReportReporter -->
<testsuite skipped="0" hostname="HDC2-L-9227QQ2" name="pages.TestNGDemo_02" tests="4" failures="0" timestamp="18 Jul 2019 04:01:37 GMT" time="0.019" errors="0">
  <testcase name="registration" time="0.002" classname="pages.TestNGDemo_02"/>
  <testcase name="registration" time="0.002" classname="pages.TestNGDemo_02"/>
  <testcase name="registration" time="0.014" classname="pages.TestNGDemo_02"/>
  <testcase name="registration" time="0.001" classname="pages.TestNGDemo_02"/>
</testsuite> <!-- pages.TestNGDemo_02 -->
