<?xml version="1.0" encoding="UTF-8"?>
<!-- Generated by org.testng.reporters.JUnitReportReporter -->
<testsuite skipped="0" hostname="HDC2-L-9227QQ2" name="pages.Demo3" tests="1" failures="0" timestamp="25 Apr 2019 10:37:29 GMT" time="24.162" errors="0">
  <testcase name="test" time="24.162" classname="pages.Demo3"/>
</testsuite> <!-- pages.Demo3 -->
