<?xml version="1.0" encoding="UTF-8"?>
<!-- Generated by org.testng.reporters.JUnitReportReporter -->
<testsuite skipped="1" hostname="HDC2-L-9227QQ2" name="mydemomdc7.Actions_Dem0_2" tests="2" failures="0" timestamp="16 May 2019 05:51:03 GMT" time="15.556" errors="0">
  <testcase name="scroll_down" time="15.556" classname="mydemomdc7.Actions_Dem0_2"/>
  <testcase name="mouse_hover" classname="mydemomdc7.Actions_Dem0_2">
    <skipped/>
  </testcase> <!-- mouse_hover -->
</testsuite> <!-- mydemomdc7.Actions_Dem0_2 -->
