<?xml version="1.0" encoding="UTF-8"?>
<!-- Generated by org.testng.reporters.JUnitReportReporter -->
<testsuite skipped="0" hostname="HDC2-L-9227QQ2" name="BRW88.fdsfdsf.Action5419" tests="1" failures="0" timestamp="28 Jan 2019 17:39:04 GMT" time="13.587" errors="0">
  <testcase name="logn" time="13.587" classname="BRW88.fdsfdsf.Action5419"/>
</testsuite> <!-- BRW88.fdsfdsf.Action5419 -->
