<?xml version="1.0" encoding="UTF-8"?>
<!-- Generated by org.testng.reporters.JUnitReportReporter -->
<testsuite skipped="2" hostname="HDC2-L-9227QQ2" name="mydemomdc7.alerts_demo1" tests="3" failures="0" timestamp="15 May 2019 11:46:10 GMT" time="8.129" errors="0">
  <testcase name="windows_demo" time="8.129" classname="mydemomdc7.alerts_demo1"/>
  <testcase name="alerts_Demo" classname="mydemomdc7.alerts_demo1">
    <skipped/>
  </testcase> <!-- alerts_Demo -->
  <testcase name="frames_demo" classname="mydemomdc7.alerts_demo1">
    <skipped/>
  </testcase> <!-- frames_demo -->
</testsuite> <!-- mydemomdc7.alerts_demo1 -->
