<?xml version="1.0" encoding="UTF-8"?>
<!-- Generated by org.testng.reporters.JUnitReportReporter -->
<testsuite skipped="0" hostname="HDC2-L-9227QQ2" name="ddc2July_19.newxldatademo" tests="1" failures="0" timestamp="19 Jul 2019 10:19:14 GMT" time="0.673" errors="0">
  <testcase name="newxldatademo" time="0.673" classname="ddc2July_19.newxldatademo"/>
</testsuite> <!-- ddc2July_19.newxldatademo -->
