<?xml version="1.0" encoding="UTF-8"?>
<!-- Generated by org.testng.reporters.JUnitReportReporter -->
<testsuite skipped="0" hostname="HDC2-L-9227QQ2" name="pages.Demo_03" tests="10" failures="0" timestamp="18 Jul 2019 05:29:13 GMT" time="0.023" errors="0">
  <testcase name="login" time="0.001" classname="pages.Demo_03"/>
  <testcase name="login" time="0.001" classname="pages.Demo_03"/>
  <testcase name="login" time="0.001" classname="pages.Demo_03"/>
  <testcase name="login" time="0.001" classname="pages.Demo_03"/>
  <testcase name="login" time="0.001" classname="pages.Demo_03"/>
  <testcase name="login" time="0.001" classname="pages.Demo_03"/>
  <testcase name="login" time="0.001" classname="pages.Demo_03"/>
  <testcase name="login" time="0.014" classname="pages.Demo_03"/>
  <testcase name="login" time="0.001" classname="pages.Demo_03"/>
  <testcase name="login" time="0.001" classname="pages.Demo_03"/>
</testsuite> <!-- pages.Demo_03 -->
