<?xml version="1.0" encoding="UTF-8"?>
<!-- Generated by org.testng.reporters.JUnitReportReporter -->
<testsuite skipped="0" hostname="HDC2-L-9227QQ2" name="demo0408.DemoDrivers" tests="3" failures="0" timestamp="09 Apr 2019 04:34:20 GMT" time="16.966" errors="0">
  <testcase name="h" time="7.334" classname="demo0408.DemoDrivers"/>
  <testcase name="f" time="4.953" classname="demo0408.DemoDrivers"/>
  <testcase name="g" time="4.679" classname="demo0408.DemoDrivers"/>
</testsuite> <!-- demo0408.DemoDrivers -->
