<?xml version="1.0" encoding="UTF-8"?>
<!-- Generated by org.testng.reporters.JUnitReportReporter -->
<testsuite skipped="0" hostname="HDC2-L-9227QQ2" name="testcases.DTours1" tests="1" failures="0" timestamp="12 Jun 2019 04:28:29 GMT" time="143.247" errors="0">
  <testcase name="f" time="143.247" classname="testcases.DTours1"/>
</testsuite> <!-- testcases.DTours1 -->
