<?xml version="1.0" encoding="UTF-8"?>
<!-- Generated by org.testng.reporters.JUnitReportReporter -->
<testsuite skipped="0" hostname="HDC2-L-9227QQ2" name="BRW88.fdsfdsf.NewTest" tests="2" failures="0" timestamp="24 Feb 2019 13:49:39 GMT" time="0.007" errors="0">
  <testcase name="abcd" time="0.005" classname="BRW88.fdsfdsf.NewTest"/>
  <testcase name="defg" time="0.002" classname="BRW88.fdsfdsf.NewTest"/>
</testsuite> <!-- BRW88.fdsfdsf.NewTest -->
