<?xml version="1.0" encoding="UTF-8"?>
<!-- Generated by org.testng.reporters.JUnitReportReporter -->
<testsuite skipped="0" hostname="HDC2-L-9227QQ2" name="BRW88.fdsfdsf.MouseHover1" tests="1" failures="0" timestamp="29 Jan 2019 04:26:04 GMT" time="19.479" errors="0">
  <testcase name="logn" time="19.479" classname="BRW88.fdsfdsf.MouseHover1"/>
</testsuite> <!-- BRW88.fdsfdsf.MouseHover1 -->
