<?xml version="1.0" encoding="UTF-8"?>
<!-- Generated by org.testng.reporters.JUnitReportReporter -->
<testsuite skipped="2" hostname="HDC2-L-9227QQ2" name="mydemomdc7.locatorsdemo_1" tests="3" failures="0" timestamp="15 May 2019 06:07:44 GMT" time="7.491" errors="0">
  <testcase name="f" time="7.491" classname="mydemomdc7.locatorsdemo_1"/>
  <testcase name="g" classname="mydemomdc7.locatorsdemo_1">
    <skipped/>
  </testcase> <!-- g -->
  <testcase name="h" classname="mydemomdc7.locatorsdemo_1">
    <skipped/>
  </testcase> <!-- h -->
</testsuite> <!-- mydemomdc7.locatorsdemo_1 -->
