<?xml version="1.0" encoding="UTF-8"?>
<!-- Generated by org.testng.reporters.JUnitReportReporter -->
<testsuite skipped="0" hostname="HDC2-L-9227QQ2" name="testcases.testcasesDemo1" tests="1" failures="0" timestamp="10 Apr 2019 11:29:39 GMT" time="128.578" errors="0">
  <testcase name="verifyLogin" time="128.578" classname="testcases.testcasesDemo1"/>
</testsuite> <!-- testcases.testcasesDemo1 -->
