<?xml version="1.0" encoding="UTF-8"?>
<!-- Generated by org.testng.reporters.JUnitReportReporter -->
<testsuite skipped="0" hostname="HDC2-L-9227QQ2" name="demo0408.SelDisEn" tests="3" failures="0" timestamp="09 Apr 2019 09:44:52 GMT" time="27.842" errors="0">
  <testcase name="redbus" time="11.222" classname="demo0408.SelDisEn"/>
  <testcase name="red" time="11.042" classname="demo0408.SelDisEn"/>
  <testcase name="f" time="5.578" classname="demo0408.SelDisEn"/>
</testsuite> <!-- demo0408.SelDisEn -->
