<?xml version="1.0" encoding="UTF-8"?>
<!-- Generated by org.testng.reporters.JUnitReportReporter -->
<testsuite skipped="0" hostname="HDC2-L-9227QQ2" name="BRW88.fdsfdsf.Demo902" tests="3" failures="0" timestamp="25 Feb 2019 12:02:28 GMT" time="0.011" errors="0">
  <testcase name="f" time="0.001" classname="BRW88.fdsfdsf.Demo902"/>
  <testcase name="f" time="0.001" classname="BRW88.fdsfdsf.Demo902"/>
  <testcase name="f" time="0.009" classname="BRW88.fdsfdsf.Demo902"/>
</testsuite> <!-- BRW88.fdsfdsf.Demo902 -->
