<?xml version="1.0" encoding="UTF-8"?>
<!-- Generated by org.testng.reporters.JUnitReportReporter -->
<testsuite skipped="1" hostname="HDC2-L-9227QQ2" name="testcases.MyTC_01" tests="4" failures="0" timestamp="17 Jul 2019 09:41:56 GMT" time="0.022" errors="0">
  <testcase name="Login" time="0.019" classname="testcases.MyTC_01"/>
  <testcase name="AddtoCart" time="0.002" classname="testcases.MyTC_01"/>
  <testcase name="Logout" time="0.001" classname="testcases.MyTC_01"/>
  <testcase name="Registration" classname="testcases.MyTC_01">
    <skipped/>
  </testcase> <!-- Registration -->
</testsuite> <!-- testcases.MyTC_01 -->
