<?xml version="1.0" encoding="UTF-8"?>
<!-- Generated by org.testng.reporters.JUnitReportReporter -->
<testsuite skipped="0" hostname="HDC2-L-9227QQ2" name="BRW88.fdsfdsf.Demo903" tests="1" failures="0" timestamp="25 Feb 2019 12:14:45 GMT" time="16.615" errors="0">
  <testcase name="f" time="16.615" classname="BRW88.fdsfdsf.Demo903"/>
</testsuite> <!-- BRW88.fdsfdsf.Demo903 -->
