<?xml version="1.0" encoding="UTF-8"?>
<!-- Generated by org.testng.reporters.JUnitReportReporter -->
<testsuite skipped="1" hostname="HDC2-L-9227QQ2" name="BRW88.fdsfdsf.Demo904" tests="6" failures="0" timestamp="25 Feb 2019 12:34:55 GMT" time="0.019" errors="0">
  <testcase name="a" time="0.014" classname="BRW88.fdsfdsf.Demo904"/>
  <testcase name="e" time="0.002" classname="BRW88.fdsfdsf.Demo904"/>
  <testcase name="c" time="0.001" classname="BRW88.fdsfdsf.Demo904"/>
  <testcase name="d" time="0.001" classname="BRW88.fdsfdsf.Demo904"/>
  <testcase name="f" time="0.001" classname="BRW88.fdsfdsf.Demo904"/>
  <testcase name="b" classname="BRW88.fdsfdsf.Demo904">
    <skipped/>
  </testcase> <!-- b -->
</testsuite> <!-- BRW88.fdsfdsf.Demo904 -->
