<?xml version="1.0" encoding="UTF-8"?>
<!-- Generated by org.testng.reporters.JUnitReportReporter -->
<testsuite skipped="2" hostname="HDC2-L-9227QQ2" name="ddc5_july.WindowsDemo1" tests="3" failures="0" timestamp="02 Aug 2019 08:57:53 GMT" time="7.268" errors="0">
  <testcase name="AlertDemo" time="7.268" classname="ddc5_july.WindowsDemo1"/>
  <testcase name="windows" classname="ddc5_july.WindowsDemo1">
    <skipped/>
  </testcase> <!-- windows -->
  <testcase name="Frames" classname="ddc5_july.WindowsDemo1">
    <skipped/>
  </testcase> <!-- Frames -->
</testsuite> <!-- ddc5_july.WindowsDemo1 -->
