<?xml version="1.0" encoding="UTF-8"?>
<!-- Generated by org.testng.reporters.JUnitReportReporter -->
<testsuite skipped="0" hostname="HDC2-L-9227QQ2" name="BRW88.fdsfdsf.GroupingDemo" tests="2" failures="0" timestamp="09 Apr 2019 17:29:04 GMT" time="0.023" errors="0">
  <testcase name="g" time="0.022" classname="BRW88.fdsfdsf.GroupingDemo"/>
  <testcase name="h" time="0.001" classname="BRW88.fdsfdsf.GroupingDemo"/>
</testsuite> <!-- BRW88.fdsfdsf.GroupingDemo -->
