<?xml version="1.0" encoding="UTF-8"?>
<!-- Generated by org.testng.reporters.JUnitReportReporter -->
<testsuite skipped="0" hostname="HDC2-L-9227QQ2" name="mydemomdc7.BrwParameters" tests="3" failures="0" timestamp="16 May 2019 10:13:36 GMT" time="22.105" errors="0">
  <testcase name="f" time="6.774" classname="mydemomdc7.BrwParameters"/>
  <testcase name="f" time="4.273" classname="mydemomdc7.BrwParameters"/>
  <testcase name="f" time="11.058" classname="mydemomdc7.BrwParameters"/>
</testsuite> <!-- mydemomdc7.BrwParameters -->
