<?xml version="1.0" encoding="UTF-8"?>
<!-- Generated by org.testng.reporters.JUnitReportReporter -->
<testsuite skipped="0" hostname="HDC2-L-9227QQ2" name="BRW88.fdsfdsf.Demo402" tests="1" failures="0" timestamp="26 Feb 2019 09:12:07 GMT" time="23.557" errors="0">
  <testcase name="f" time="23.557" classname="BRW88.fdsfdsf.Demo402"/>
</testsuite> <!-- BRW88.fdsfdsf.Demo402 -->
