<?xml version="1.0" encoding="UTF-8"?>
<!-- Generated by org.testng.reporters.JUnitReportReporter -->
<testsuite skipped="0" hostname="HDC2-L-9227QQ2" name="ddc5_july.dp2" tests="2" failures="0" timestamp="01 Aug 2019 07:32:24 GMT" time="0.000" errors="0">
  <testcase name="trackorder" time="0.000" classname="ddc5_july.dp2"/>
  <testcase name="trackorder" time="0.000" classname="ddc5_july.dp2"/>
</testsuite> <!-- ddc5_july.dp2 -->
