<?xml version="1.0" encoding="UTF-8"?>
<!-- Generated by org.testng.reporters.JUnitReportReporter -->
<testsuite skipped="0" hostname="HDC2-L-9227QQ2" name="pages.windowsDemo1" tests="1" failures="0" timestamp="18 Jul 2019 06:55:17 GMT" time="14.109" errors="0">
  <testcase name="f" time="14.109" classname="pages.windowsDemo1"/>
</testsuite> <!-- pages.windowsDemo1 -->
