<?xml version="1.0" encoding="UTF-8"?>
<!-- Generated by org.testng.reporters.JUnitReportReporter -->
<testsuite skipped="0" hostname="HDC2-L-9227QQ2" name="ddc2July_19.Exc_01" tests="1" failures="0" timestamp="05 Aug 2019 07:07:53 GMT" time="0.828" errors="0">
  <testcase name="f" time="0.828" classname="ddc2July_19.Exc_01"/>
</testsuite> <!-- ddc2July_19.Exc_01 -->
