<?xml version="1.0" encoding="UTF-8"?>
<!-- Generated by org.testng.reporters.JUnitReportReporter -->
<testsuite skipped="0" hostname="HDC2-L-9227QQ2" name="demo0408.AlertsDemo9" tests="1" failures="0" timestamp="10 Apr 2019 06:37:30 GMT" time="16.712" errors="0">
  <testcase name="f" time="16.712" classname="demo0408.AlertsDemo9"/>
</testsuite> <!-- demo0408.AlertsDemo9 -->
