<?xml version="1.0" encoding="UTF-8"?>
<!-- Generated by org.testng.reporters.JUnitReportReporter -->
<testsuite skipped="0" hostname="HDC2-L-9227QQ2" name="demo0408.DemoforGrpng" tests="3" failures="0" timestamp="10 Apr 2019 09:30:09 GMT" time="0.003" errors="0">
  <testcase name="logout" time="0.001" classname="demo0408.DemoforGrpng"/>
  <testcase name="register" time="0.001" classname="demo0408.DemoforGrpng"/>
  <testcase name="login" time="0.001" classname="demo0408.DemoforGrpng"/>
</testsuite> <!-- demo0408.DemoforGrpng -->
