<?xml version="1.0" encoding="UTF-8"?>
<!-- Generated by org.testng.reporters.JUnitReportReporter -->
<testsuite skipped="0" hostname="HDC2-L-9227QQ2" name="BRW88.fdsfdsf.MoveTo" tests="1" failures="0" timestamp="28 Jan 2019 17:55:17 GMT" time="14.087" errors="0">
  <testcase name="f" time="14.087" classname="BRW88.fdsfdsf.MoveTo"/>
</testsuite> <!-- BRW88.fdsfdsf.MoveTo -->
