<?xml version="1.0" encoding="UTF-8"?>
<!-- Generated by org.testng.reporters.JUnitReportReporter -->
<testsuite skipped="0" hostname="HDC2-L-9227QQ2" name="BRW88.fdsfdsf.Demo910" tests="1" failures="0" timestamp="25 Feb 2019 17:51:46 GMT" time="52.948" errors="0">
  <testcase name="f" time="52.948" classname="BRW88.fdsfdsf.Demo910"/>
</testsuite> <!-- BRW88.fdsfdsf.Demo910 -->
