<?xml version="1.0" encoding="UTF-8"?>
<!-- Generated by org.testng.reporters.JUnitReportReporter -->
<testsuite skipped="3" hostname="HDC2-L-9227QQ2" name="demo0408.MouseHoverDemo" tests="4" failures="0" timestamp="09 Apr 2019 11:41:47 GMT" time="20.247" errors="0">
  <testcase name="DragNDrop" time="20.247" classname="demo0408.MouseHoverDemo"/>
  <testcase name="hovering" classname="demo0408.MouseHoverDemo">
    <skipped/>
  </testcase> <!-- hovering -->
  <testcase name="rightclick" classname="demo0408.MouseHoverDemo">
    <skipped/>
  </testcase> <!-- rightclick -->
  <testcase name="doubleclick" classname="demo0408.MouseHoverDemo">
    <skipped/>
  </testcase> <!-- doubleclick -->
</testsuite> <!-- demo0408.MouseHoverDemo -->
