<?xml version="1.0" encoding="UTF-8"?>
<!-- Generated by org.testng.reporters.JUnitReportReporter -->
<testsuite skipped="0" hostname="HDC2-L-9227QQ2" name="ddc2July_19.Keyboard_Demo_01" tests="1" failures="0" timestamp="21 Jul 2019 17:40:51 GMT" time="0.009" errors="0">
  <testcase name="f" time="0.009" classname="ddc2July_19.Keyboard_Demo_01"/>
</testsuite> <!-- ddc2July_19.Keyboard_Demo_01 -->
