<?xml version="1.0" encoding="UTF-8"?>
<!-- Generated by org.testng.reporters.JUnitReportReporter -->
<testsuite skipped="0" hostname="HDC2-L-9227QQ2" name="ddc5_july.AssertDemo" tests="1" failures="0" timestamp="01 Aug 2019 09:56:47 GMT" time="0.016" errors="0">
  <testcase name="f" time="0.016" classname="ddc5_july.AssertDemo"/>
</testsuite> <!-- ddc5_july.AssertDemo -->
