<?xml version="1.0" encoding="UTF-8"?>
<!-- Generated by org.testng.reporters.JUnitReportReporter -->
<testsuite skipped="0" hostname="HDC2-L-9227QQ2" name="demo0408.TestNGDemo1" tests="10" failures="0" timestamp="10 Apr 2019 07:05:38 GMT" time="0.021" errors="0">
  <testcase name="login" time="0.001" classname="demo0408.TestNGDemo1"/>
  <testcase name="login" time="0.001" classname="demo0408.TestNGDemo1"/>
  <testcase name="login" time="0.001" classname="demo0408.TestNGDemo1"/>
  <testcase name="login" time="0.001" classname="demo0408.TestNGDemo1"/>
  <testcase name="login" time="0.002" classname="demo0408.TestNGDemo1"/>
  <testcase name="login" time="0.001" classname="demo0408.TestNGDemo1"/>
  <testcase name="login" time="0.002" classname="demo0408.TestNGDemo1"/>
  <testcase name="login" time="0.010" classname="demo0408.TestNGDemo1"/>
  <testcase name="login" time="0.001" classname="demo0408.TestNGDemo1"/>
  <testcase name="login" time="0.001" classname="demo0408.TestNGDemo1"/>
</testsuite> <!-- demo0408.TestNGDemo1 -->
