<?xml version="1.0" encoding="UTF-8"?>
<!-- Generated by org.testng.reporters.JUnitReportReporter -->
<testsuite skipped="0" hostname="HDC2-L-9227QQ2" name="BRW88.fdsfdsf.Login9491" tests="1" failures="0" timestamp="25 Jan 2019 04:52:29 GMT" time="5.086" errors="0">
  <testcase name="f" time="5.086" classname="BRW88.fdsfdsf.Login9491"/>
</testsuite> <!-- BRW88.fdsfdsf.Login9491 -->
