<?xml version="1.0" encoding="UTF-8"?>
<!-- Generated by org.testng.reporters.JUnitReportReporter -->
<testsuite skipped="0" hostname="HDC2-L-9227QQ2" name="testcases.TC_02" tests="3" failures="0" timestamp="17 Jul 2019 10:16:14 GMT" time="0.014" errors="0">
  <testcase name="f" time="0.002" classname="testcases.TC_02"/>
  <testcase name="f" time="0.001" classname="testcases.TC_02"/>
  <testcase name="f" time="0.011" classname="testcases.TC_02"/>
</testsuite> <!-- testcases.TC_02 -->
