<?xml version="1.0" encoding="UTF-8"?>
<!-- Generated by org.testng.reporters.JUnitReportReporter -->
<testsuite skipped="0" hostname="HDC2-L-9227QQ2" name="demo0408.AlertsDemo1" tests="1" failures="0" timestamp="09 Apr 2019 17:09:35 GMT" time="11.306" errors="0">
  <testcase name="f" time="11.306" classname="demo0408.AlertsDemo1"/>
</testsuite> <!-- demo0408.AlertsDemo1 -->
