<?xml version="1.0" encoding="UTF-8"?>
<!-- Generated by org.testng.reporters.JUnitReportReporter -->
<testsuite skipped="0" hostname="HDC2-L-9227QQ2" name="BRW88.fdsfdsf.Training6" tests="1" failures="0" timestamp="24 Jan 2019 18:15:20 GMT" time="0.002" errors="0">
  <testcase name="f" time="0.002" classname="BRW88.fdsfdsf.Training6"/>
</testsuite> <!-- BRW88.fdsfdsf.Training6 -->
