<?xml version="1.0" encoding="UTF-8"?>
<!-- Generated by org.testng.reporters.JUnitReportReporter -->
<testsuite skipped="0" hostname="HDC2-L-9227QQ2" name="BRW88.fdsfdsf.TestNG2" tests="4" failures="0" timestamp="30 Jan 2019 05:43:23 GMT" time="0.017" errors="0">
  <testcase name="search" time="0.002" classname="BRW88.fdsfdsf.TestNG2"/>
  <testcase name="addcart" time="0.011" classname="BRW88.fdsfdsf.TestNG2"/>
  <testcase name="viewcart" time="0.002" classname="BRW88.fdsfdsf.TestNG2"/>
  <testcase name="removecart" time="0.002" classname="BRW88.fdsfdsf.TestNG2"/>
</testsuite> <!-- BRW88.fdsfdsf.TestNG2 -->
