<?xml version="1.0" encoding="UTF-8"?>
<!-- Generated by org.testng.reporters.JUnitReportReporter -->
<testsuite skipped="0" hostname="HDC2-L-9227QQ2" name="demo0408.Order1" tests="3" failures="0" timestamp="10 Apr 2019 10:17:04 GMT" time="0.008" errors="0">
  <testcase name="register" time="0.001" classname="demo0408.Order1"/>
  <testcase name="login" time="0.005" classname="demo0408.Order1"/>
  <testcase name="logout" time="0.002" classname="demo0408.Order1"/>
</testsuite> <!-- demo0408.Order1 -->
