<?xml version="1.0" encoding="UTF-8"?>
<!-- Generated by org.testng.reporters.JUnitReportReporter -->
<testsuite skipped="0" hostname="HDC2-L-9227QQ2" name="BRW88.fdsfdsf.NewTest81" tests="4" failures="0" timestamp="24 Jan 2019 03:26:18 GMT" time="0.010" errors="0">
  <testcase name="hi" time="0.001" classname="BRW88.fdsfdsf.NewTest81"/>
  <testcase name="f" time="0.001" classname="BRW88.fdsfdsf.NewTest81"/>
  <testcase name="f" time="0.004" classname="BRW88.fdsfdsf.NewTest81"/>
  <testcase name="f" time="0.004" classname="BRW88.fdsfdsf.NewTest81"/>
</testsuite> <!-- BRW88.fdsfdsf.NewTest81 -->
