<?xml version="1.0" encoding="UTF-8"?>
<!-- Generated by org.testng.reporters.JUnitReportReporter -->
<testsuite skipped="0" hostname="HDC2-L-9227QQ2" name="demo0408.DpDemo1" tests="6" failures="0" timestamp="08 Apr 2019 10:43:33 GMT" time="0.017" errors="0">
  <testcase name="f" time="0.001" classname="demo0408.DpDemo1"/>
  <testcase name="f" time="0.001" classname="demo0408.DpDemo1"/>
  <testcase name="f" time="0.002" classname="demo0408.DpDemo1"/>
  <testcase name="f" time="0.001" classname="demo0408.DpDemo1"/>
  <testcase name="f" time="0.002" classname="demo0408.DpDemo1"/>
  <testcase name="f" time="0.010" classname="demo0408.DpDemo1"/>
</testsuite> <!-- demo0408.DpDemo1 -->
