<?xml version="1.0" encoding="UTF-8"?>
<!-- Generated by org.testng.reporters.JUnitReportReporter -->
<testsuite skipped="0" hostname="HDC2-L-9227QQ2" name="demo0408.Oder2" tests="1" failures="0" timestamp="10 Apr 2019 10:28:55 GMT" time="0.007" errors="0">
  <testcase name="OnlineTransfer" time="0.007" classname="demo0408.Oder2"/>
</testsuite> <!-- demo0408.Oder2 -->
